make test --dry-run --always-make --keep-going --print-directory
make: Entering directory '/home/ziocash/UPO-Algorithms-1'
cd bin && make all
make[1]: Entering directory '/home/ziocash/UPO-Algorithms-1/bin'
cc -Wall -Wextra -std=c11 -pedantic -g -I"/home/ziocash/UPO-Algorithms-1/include"   -c -o ../src/bst.o ../src/bst.c
cc -Wall -Wextra -std=c11 -pedantic -g -I"/home/ziocash/UPO-Algorithms-1/include"   -c -o ../src/hires_timer.o ../src/hires_timer.c
cc -Wall -Wextra -std=c11 -pedantic -g -I"/home/ziocash/UPO-Algorithms-1/include"   -c -o ../src/io.o ../src/io.c
cc -Wall -Wextra -std=c11 -pedantic -g -I"/home/ziocash/UPO-Algorithms-1/include"   -c -o ../src/random.o ../src/random.c
cc -Wall -Wextra -std=c11 -pedantic -g -I"/home/ziocash/UPO-Algorithms-1/include"   -c -o ../src/sort.o ../src/sort.c
cc -Wall -Wextra -std=c11 -pedantic -g -I"/home/ziocash/UPO-Algorithms-1/include"   -c -o ../src/stack.o ../src/stack.c
cc -Wall -Wextra -std=c11 -pedantic -g -I"/home/ziocash/UPO-Algorithms-1/include"   -c -o ../src/timer.o ../src/timer.c
cc -Wall -Wextra -std=c11 -pedantic -g -I"/home/ziocash/UPO-Algorithms-1/include"   -c -o ../src/utility.o ../src/utility.c
ar rcs libupoalglib_s.a ../src/bst.o ../src/hires_timer.o ../src/io.o ../src/random.o ../src/sort.o ../src/stack.o ../src/timer.o ../src/utility.o
make[1]: Leaving directory '/home/ziocash/UPO-Algorithms-1/bin'
cd test && make all
make[1]: Entering directory '/home/ziocash/UPO-Algorithms-1/test'
cc -Wall -Wextra -std=c11 -pedantic -g -I"/home/ziocash/UPO-Algorithms-1/include"  -L../bin  test_bst.c  -lupoalglib_s -lm -o test_bst
cc -Wall -Wextra -std=c11 -pedantic -g -I"/home/ziocash/UPO-Algorithms-1/include"  -L../bin  test_bst_more.c  -lupoalglib_s -lm -o test_bst_more
cc -Wall -Wextra -std=c11 -pedantic -g -I"/home/ziocash/UPO-Algorithms-1/include"  -L../bin  test_hires_timer.c  -lupoalglib_s -lm -o test_hires_timer
cc -Wall -Wextra -std=c11 -pedantic -g -I"/home/ziocash/UPO-Algorithms-1/include"  -L../bin  test_sort.c  -lupoalglib_s -lm -o test_sort
cc -Wall -Wextra -std=c11 -pedantic -g -I"/home/ziocash/UPO-Algorithms-1/include"  -L../bin  test_stack.c  -lupoalglib_s -lm -o test_stack
cc -Wall -Wextra -std=c11 -pedantic -g -I"/home/ziocash/UPO-Algorithms-1/include"  -L../bin  test_timer.c  -lupoalglib_s -lm -o test_timer
make[1]: Leaving directory '/home/ziocash/UPO-Algorithms-1/test'
make: Leaving directory '/home/ziocash/UPO-Algorithms-1'
 
